<?xml version="1.0" encoding="UTF-8"?>
<!-- Generated by org.testng.reporters.JUnitReportReporter -->
<testsuite skipped="0" hostname="DESKTOP-ITCH5MF" name="com.bitm.NewtoursAutomationMaven.Test.FlightSelection" tests="2" failures="0" timestamp="13 Mar 2020 18:56:53 GMT" time="4.825" errors="0">
  <testcase name="FlightSelectionTest" time="4.746" classname="com.bitm.NewtoursAutomationMaven.Test.FlightSelection"/>
  <testcase name="checkFlightSelectionPageTitle" time="0.079" classname="com.bitm.NewtoursAutomationMaven.Test.FlightSelection"/>
</testsuite> <!-- com.bitm.NewtoursAutomationMaven.Test.FlightSelection -->
