<?xml version="1.0" encoding="UTF-8"?>
<!-- Generated by org.testng.reporters.JUnitReportReporter -->
<testsuite skipped="0" hostname="DESKTOP-ITCH5MF" name="com.bitm.NewtoursAutomationMaven.Test.FlightFinderTest" tests="2" failures="0" timestamp="13 Mar 2020 18:56:53 GMT" time="2.469" errors="0">
  <testcase name="checkFlightFinderTitle" time="0.186" classname="com.bitm.NewtoursAutomationMaven.Test.FlightFinderTest"/>
  <testcase name="flightFinderTest" time="2.283" classname="com.bitm.NewtoursAutomationMaven.Test.FlightFinderTest"/>
</testsuite> <!-- com.bitm.NewtoursAutomationMaven.Test.FlightFinderTest -->
