<?xml version="1.0" encoding="UTF-8"?>
<!-- Generated by org.testng.reporters.JUnitReportReporter -->
<testsuite skipped="0" hostname="DESKTOP-ITCH5MF" name="com.bitm.NewtoursAutomationMaven.Uitls.DriverManager" tests="1" failures="0" timestamp="8 Feb 2020 08:28:38 GMT" time="0.020" errors="0">
  <testcase name="DriverExecutionTest" time="0.020" classname="com.bitm.NewtoursAutomationMaven.Uitls.DriverManager"/>
</testsuite> <!-- com.bitm.NewtoursAutomationMaven.Uitls.DriverManager -->
