<?xml version="1.0" encoding="UTF-8"?>
<!-- Generated by org.testng.reporters.JUnitReportReporter -->
<testsuite skipped="0" hostname="DESKTOP-ITCH5MF" name="com.bitm.NewtoursAutomationMaven.Test.LoginTest" tests="2" failures="0" timestamp="13 Mar 2020 18:56:54 GMT" time="51.696" errors="0">
  <testcase name="loginTest" time="25.748" classname="com.bitm.NewtoursAutomationMaven.Test.LoginTest"/>
  <testcase name="checkloginpageTitle" time="25.948" classname="com.bitm.NewtoursAutomationMaven.Test.LoginTest"/>
</testsuite> <!-- com.bitm.NewtoursAutomationMaven.Test.LoginTest -->
